{
  "RSpec": {
    "coverage": {
      "/Users/jacklyndunne/Documents/GitHub/Meet-and-Eat/spec/controllers/home_controller_spec.rb": [
        1,
        null,
        1,
        null,
        null
      ],
      "/Users/jacklyndunne/Documents/GitHub/Meet-and-Eat/spec/rails_helper.rb": [
        null,
        1,
        1,
        1,
        null,
        1,
        1,
        null,
        null,
        null,
        null,
        null,
        null,
        null,
        null,
        null,
        null,
        null,
        null,
        null,
        null,
        null,
        null,
        null,
        null,
        null,
        1,
        1,
        null,
        0,
        0,
        null,
        1,
        null,
        1,
        null,
        null,
        null,
        null,
        1,
        null,
        null,
        null,
        null,
        null,
        null,
        null,
        null,
        null,
        null,
        null,
        null,
        null,
        null,
        1,
        null,
        null,
        1,
        null,
        null,
        null
      ],
      "/Users/jacklyndunne/Documents/GitHub/Meet-and-Eat/config/environment.rb": [
        null,
        1,
        null,
        null,
        1
      ],
      "/Users/jacklyndunne/Documents/GitHub/Meet-and-Eat/config/application.rb": [
        1,
        null,
        1,
        null,
        1,
        1,
        1,
        1,
        1,
        1,
        1,
        1,
        1,
        null,
        null,
        null,
        null,
        1,
        null,
        1,
        1,
        null,
        1,
        null,
        null,
        null,
        null,
        null,
        null,
        null,
        1,
        null,
        null
      ],
      "/Users/jacklyndunne/Documents/GitHub/Meet-and-Eat/config/boot.rb": [
        1,
        null,
        1,
        1
      ],
      "/Users/jacklyndunne/Documents/GitHub/Meet-and-Eat/config/environments/test.rb": [
        1,
        null,
        null,
        null,
        null,
        null,
        null,
        1,
        null,
        null,
        null,
        null,
        1,
        null,
        null,
        1,
        1,
        null,
        null,
        null,
        null,
        1,
        1,
        null,
        null,
        1,
        null,
        null,
        1,
        null,
        null,
        1,
        null,
        1,
        null,
        null,
        null,
        null,
        1,
        null,
        null,
        1,
        null,
        null,
        null,
        null
      ],
      "/Users/jacklyndunne/Documents/GitHub/Meet-and-Eat/config/initializers/application_controller_renderer.rb": [
        null,
        null,
        null,
        null,
        null,
        null,
        null,
        null
      ],
      "/Users/jacklyndunne/Documents/GitHub/Meet-and-Eat/config/initializers/assets.rb": [
        null,
        null,
        null,
        1,
        null,
        null,
        null,
        null,
        1,
        null,
        null,
        null,
        null,
        null
      ],
      "/Users/jacklyndunne/Documents/GitHub/Meet-and-Eat/config/initializers/backtrace_silencers.rb": [
        null,
        null,
        null,
        null,
        null,
        null,
        null
      ],
      "/Users/jacklyndunne/Documents/GitHub/Meet-and-Eat/config/initializers/content_security_policy.rb": [
        null,
        null,
        null,
        null,
        null,
        null,
        null,
        null,
        null,
        null,
        null,
        null,
        null,
        null,
        null,
        null,
        null,
        null,
        null,
        null,
        null,
        null,
        null,
        null,
        null
      ],
      "/Users/jacklyndunne/Documents/GitHub/Meet-and-Eat/config/initializers/cookies_serializer.rb": [
        null,
        null,
        null,
        null,
        1
      ],
      "/Users/jacklyndunne/Documents/GitHub/Meet-and-Eat/config/initializers/devise.rb": [
        null,
        null,
        null,
        null,
        1,
        null,
        null,
        null,
        null,
        null,
        null,
        null,
        null,
        null,
        null,
        null,
        null,
        null,
        null,
        null,
        null,
        1,
        null,
        null,
        null,
        null,
        null,
        null,
        null,
        null,
        null,
        null,
        null,
        1,
        null,
        null,
        null,
        null,
        null,
        null,
        null,
        null,
        null,
        null,
        null,
        null,
        null,
        null,
        null,
        null,
        null,
        null,
        null,
        null,
        null,
        1,
        null,
        null,
        null,
        null,
        1,
        null,
        null,
        null,
        null,
        null,
        null,
        null,
        null,
        null,
        null,
        null,
        null,
        null,
        null,
        null,
        null,
        null,
        null,
        null,
        null,
        null,
        null,
        null,
        null,
        null,
        null,
        null,
        null,
        null,
        null,
        1,
        null,
        null,
        null,
        null,
        null,
        null,
        null,
        null,
        null,
        null,
        null,
        null,
        null,
        null,
        null,
        null,
        null,
        null,
        null,
        null,
        null,
        null,
        1,
        null,
        null,
        null,
        null,
        null,
        null,
        null,
        null,
        null,
        null,
        null,
        null,
        null,
        null,
        null,
        null,
        null,
        null,
        null,
        null,
        null,
        null,
        null,
        null,
        null,
        null,
        null,
        null,
        null,
        null,
        1,
        null,
        null,
        null,
        null,
        null,
        null,
        null,
        null,
        null,
        1,
        null,
        null,
        null,
        null,
        null,
        null,
        null,
        null,
        null,
        null,
        1,
        null,
        null,
        null,
        null,
        1,
        null,
        null,
        null,
        null,
        null,
        null,
        null,
        null,
        null,
        null,
        null,
        null,
        null,
        null,
        null,
        null,
        null,
        null,
        null,
        null,
        null,
        null,
        null,
        null,
        null,
        null,
        null,
        null,
        null,
        null,
        null,
        null,
        null,
        null,
        null,
        null,
        null,
        null,
        null,
        null,
        1,
        null,
        null,
        null,
        null,
        null,
        null,
        null,
        null,
        null,
        null,
        null,
        null,
        null,
        null,
        null,
        null,
        null,
        null,
        null,
        null,
        null,
        null,
        null,
        null,
        null,
        null,
        null,
        null,
        null,
        null,
        null,
        null,
        null,
        null,
        null,
        null,
        null,
        null,
        null,
        null,
        null,
        1,
        null,
        null,
        null,
        null,
        null,
        null,
        null,
        null,
        null,
        null,
        null,
        null,
        null,
        null,
        null,
        null,
        null,
        null,
        null,
        null,
        null,
        null,
        null,
        null,
        null,
        null,
        null,
        null,
        null,
        null,
        null,
        null,
        null,
        null,
        null,
        null
      ],
      "/Users/jacklyndunne/Documents/GitHub/Meet-and-Eat/config/initializers/filter_parameter_logging.rb": [
        null,
        null,
        null,
        1
      ],
      "/Users/jacklyndunne/Documents/GitHub/Meet-and-Eat/config/initializers/inflections.rb": [
        null,
        null,
        null,
        null,
        null,
        null,
        null,
        null,
        null,
        null,
        null,
        null,
        null,
        null,
        null,
        null
      ],
      "/Users/jacklyndunne/Documents/GitHub/Meet-and-Eat/config/initializers/mime_types.rb": [
        null,
        null,
        null,
        null
      ],
      "/Users/jacklyndunne/Documents/GitHub/Meet-and-Eat/config/initializers/wrap_parameters.rb": [
        null,
        null,
        null,
        null,
        null,
        null,
        1,
        2,
        null,
        null,
        null,
        null,
        null,
        null
      ],
      "/Users/jacklyndunne/Documents/GitHub/Meet-and-Eat/config/routes.rb": [
        1,
        1,
        null,
        null,
        1,
        null,
        1,
        1,
        1,
        null,
        null,
        1,
        1,
        null,
        null,
        null
      ],
      "/Users/jacklyndunne/Documents/GitHub/Meet-and-Eat/app/models/user.rb": [
        1,
        null,
        null,
        1,
        null,
        null,
        1,
        null,
        null
      ],
      "/Users/jacklyndunne/Documents/GitHub/Meet-and-Eat/app/models/application_record.rb": [
        1,
        1,
        null
      ],
      "/Users/jacklyndunne/Documents/GitHub/Meet-and-Eat/app/helpers/application_helper.rb": [
        1,
        null
      ],
      "/Users/jacklyndunne/Documents/GitHub/Meet-and-Eat/app/helpers/home_helper.rb": [
        1,
        null
      ],
      "/Users/jacklyndunne/Documents/GitHub/Meet-and-Eat/app/helpers/spots_helper.rb": [
        1,
        null
      ],
      "/Users/jacklyndunne/Documents/GitHub/Meet-and-Eat/app/helpers/users_helper.rb": [
        1,
        null
      ],
      "/Users/jacklyndunne/Documents/GitHub/Meet-and-Eat/app/controllers/home_controller.rb": [
        1,
        null,
        1,
        null,
        null,
        null
      ],
      "/Users/jacklyndunne/Documents/GitHub/Meet-and-Eat/app/controllers/application_controller.rb": [
        1,
        null,
        1,
        null,
        1,
        null,
        1,
        9,
        9,
        9,
        null,
        null,
        null
      ],
      "/Users/jacklyndunne/Documents/GitHub/Meet-and-Eat/spec/controllers/spots_controller_spec.rb": [
        1,
        null,
        1,
        null,
        null
      ],
      "/Users/jacklyndunne/Documents/GitHub/Meet-and-Eat/app/controllers/spots_controller.rb": [
        1,
        1,
        4,
        null,
        null,
        1,
        0,
        null,
        null,
        1,
        1,
        null,
        null,
        1,
        0,
        null,
        0,
        0,
        null,
        0,
        null,
        null,
        null,
        1,
        0,
        null,
        null,
        1,
        0,
        null,
        0,
        0,
        null,
        0,
        null,
        null,
        null,
        1,
        0,
        0,
        null,
        0,
        null,
        null,
        1,
        null,
        1,
        0,
        null,
        null
      ],
      "/Users/jacklyndunne/Documents/GitHub/Meet-and-Eat/spec/controllers/users_controller_spec.rb": [
        1,
        null,
        1,
        null,
        null
      ],
      "/Users/jacklyndunne/Documents/GitHub/Meet-and-Eat/app/controllers/users_controller.rb": [
        null,
        null,
        1,
        null,
        1,
        1,
        null,
        null,
        1,
        0,
        null,
        null
      ],
      "/Users/jacklyndunne/Documents/GitHub/Meet-and-Eat/spec/features/authenitcation/user_can_view_hompage_spec.rb": [
        1,
        null,
        1,
        1,
        1,
        1,
        null,
        null,
        null,
        null,
        null,
        null,
        null,
        null,
        null,
        null,
        null,
        null,
        null,
        null
      ],
      "/Users/jacklyndunne/Documents/GitHub/Meet-and-Eat/spec/features/authenitcation/user_sign_in_spec.rb": [
        1,
        1,
        null,
        1,
        1,
        1,
        1,
        1,
        1,
        null,
        null
      ],
      "/Users/jacklyndunne/Documents/GitHub/Meet-and-Eat/spec/features/sessions_helpers.rb": [
        1,
        3,
        3,
        3,
        3,
        3,
        3,
        null,
        null,
        1,
        1,
        1,
        1,
        1,
        null
      ],
      "/Users/jacklyndunne/Documents/GitHub/Meet-and-Eat/spec/features/authenitcation/user_sign_up_spec.rb": [
        1,
        1,
        null,
        1,
        1,
        1,
        1,
        null,
        null
      ],
      "/Users/jacklyndunne/Documents/GitHub/Meet-and-Eat/spec/features/profile/view_profile_spec.rb": [
        1,
        1,
        null,
        1,
        1,
        1,
        1,
        1,
        null,
        null
      ],
      "/Users/jacklyndunne/Documents/GitHub/Meet-and-Eat/spec/features/spots/user_can_add_spot_spec.rb": [
        1,
        null,
        1,
        1,
        1,
        1,
        null,
        null
      ],
      "/Users/jacklyndunne/Documents/GitHub/Meet-and-Eat/spec/models/spot_spec.rb": [
        1,
        null,
        1,
        1,
        null
      ],
      "/Users/jacklyndunne/Documents/GitHub/Meet-and-Eat/app/models/spot.rb": [
        1,
        1,
        null
      ]
    },
    "timestamp": 1548096900
  }
}
